<?xml version="1.0" encoding="UTF-8"?>
<testsuite xmlns:xsi="http://www.w3.org/2001/XMLSchema-instance" xsi:noNamespaceSchemaLocation="https://maven.apache.org/surefire/maven-surefire-plugin/xsd/surefire-test-report.xsd" name="api_automation_framework.rest_api_automation_framework.AppTest" time="0.957" tests="1" errors="0" skipped="0" failures="0">
  <properties>
[...]
</properties>
  <testcase name="shouldAnswerWithTrue on shouldAnswerWithTrue(api_automation_framework.rest_api_automation_framework.AppTest)" classname="api_automation_framework.rest_api_automation_framework.AppTest" time="0.003"/>
</testsuite>