<?xml version="1.0" encoding="UTF-8"?>
<testng-results ignored="0" total="1" passed="1" failed="0" skipped="0">
  <reporter-output>
  </reporter-output>
  <suite started-at="2022-07-03T12:09:04 IST" name="Surefire suite" finished-at="2022-07-03T12:09:04 IST" duration-ms="77">
    <groups>
    </groups>
    <test started-at="2022-07-03T12:09:04 IST" name="Surefire test" finished-at="2022-07-03T12:09:04 IST" duration-ms="77">
      <class name="api_automation_framework.rest_api_automation_framework.AppTest">
        <test-method signature="shouldAnswerWithTrue()" started-at="2022-07-03T12:09:04 IST" name="shouldAnswerWithTrue" finished-at="2022-07-03T12:09:04 IST" duration-ms="12" status="PASS">
          <reporter-output>
          </reporter-output>
        </test-method> <!-- shouldAnswerWithTrue -->
      </class> <!-- api_automation_framework.rest_api_automation_framework.AppTest -->
    </test> <!-- Surefire test -->
  </suite> <!-- Surefire suite -->
</testng-results>
