<?xml version="1.0" encoding="UTF-8"?>
<!-- Generated by org.testng.reporters.JUnitXMLReporter -->
<testsuite ignored="0" hostname="LAPTOP-TIIVFFSB" failures="0" tests="1" name="Surefire test" time="0.077" errors="0" timestamp="2022-07-03T12:09:04 IST">
  <testcase classname="api_automation_framework.rest_api_automation_framework.AppTest" name="shouldAnswerWithTrue on shouldAnswerWithTrue(api_automation_framework.rest_api_automation_framework.AppTest)" time="0.012"/>
</testsuite> <!-- Surefire test -->
